Using pre-set license
Built from '2020.3/staging' branch; Version is '2020.3.18f1 (a7d1c678663c) revision 10998214'; Using compiler version '192528614'; Build Type 'Release'
OS: 'Windows 10 Enterprise; OS build 18363.2158; Version 1909; 64bit' Language: 'es' Physical Memory: 32565 MB
BatchMode: 1, IsHumanControllingUs: 0, StartBugReporterOnCrash: 0, Is64bit: 1, IsPro: 0

COMMAND LINE ARGUMENTS:
C:\Program Files\Unity\Hub\Editor\2020.3.18f1\Editor\Unity.exe
-adb2
-batchMode
-noUpm
-name
AssetImportWorker0
-projectPath
C:/Users/SENA/Desktop/New Unity Project
-logFile
Logs/AssetImportWorker0.log
-srvPort
51690
Successfully changed project path to: C:/Users/SENA/Desktop/New Unity Project
C:/Users/SENA/Desktop/New Unity Project
Using Asset Import Pipeline V2.
Refreshing native plugins compatible for Editor in 42.45 ms, found 2 plugins.
Preloading 0 native plugins for Editor in 0.00 ms.
Initialize engine version: 2020.3.18f1 (a7d1c678663c)
[Subsystems] Discovering subsystems at path C:/Program Files/Unity/Hub/Editor/2020.3.18f1/Editor/Data/Resources/UnitySubsystems
[Subsystems] Discovering subsystems at path C:/Users/SENA/Desktop/New Unity Project/Assets
GfxDevice: creating device client; threaded=0
Direct3D:
    Version:  Direct3D 11.0 [level 11.1]
    Renderer: Intel(R) UHD Graphics 630 (ID=0x3e98)
    Vendor:   
    VRAM:     16282 MB
    Driver:   27.20.100.8190
Initialize mono
Mono path[0] = 'C:/Program Files/Unity/Hub/Editor/2020.3.18f1/Editor/Data/Managed'
Mono path[1] = 'C:/Program Files/Unity/Hub/Editor/2020.3.18f1/Editor/Data/MonoBleedingEdge/lib/mono/unityjit'
Mono config path = 'C:/Program Files/Unity/Hub/Editor/2020.3.18f1/Editor/Data/MonoBleedingEdge/etc'
Using monoOptions --debugger-agent=transport=dt_socket,embedding=1,server=y,suspend=n,address=127.0.0.1:56352
Begin MonoManager ReloadAssembly
Registering precompiled unity dll's ...
Register platform support module: C:/Program Files/Unity/Hub/Editor/2020.3.18f1/Editor/Data/PlaybackEngines/WindowsStandaloneSupport/UnityEditor.WindowsStandalone.Extensions.dll
Registered in 0.003867 seconds.
Native extension for WindowsStandalone target not found
Refreshing native plugins compatible for Editor in 26.34 ms, found 2 plugins.
Preloading 0 native plugins for Editor in 0.00 ms.
Mono: successfully reloaded assembly
- Completed reload, in  3.169 seconds
Domain Reload Profiling:
	ReloadAssembly (3169ms)
		BeginReloadAssembly (262ms)
			ExecutionOrderSort (0ms)
			DisableScriptedObjects (0ms)
			BackupInstance (0ms)
			ReleaseScriptingObjects (0ms)
			CreateAndSetChildDomain (1ms)
		EndReloadAssembly (396ms)
			LoadAssemblies (261ms)
			RebuildTransferFunctionScriptingTraits (0ms)
			SetupTypeCache (149ms)
			ReleaseScriptCaches (0ms)
			RebuildScriptCaches (30ms)
			SetupLoadedEditorAssemblies (144ms)
				LogAssemblyErrors (0ms)
				InitializePlatformSupportModulesInManaged (3ms)
				SetLoadedEditorAssemblies (0ms)
				RefreshPlugins (26ms)
				BeforeProcessingInitializeOnLoad (17ms)
				ProcessInitializeOnLoadAttributes (69ms)
				ProcessInitializeOnLoadMethodAttributes (28ms)
				AfterProcessingInitializeOnLoad (0ms)
				EditorAssembliesLoaded (0ms)
			ExecutionOrderSort2 (0ms)
			AwakeInstancesAfterBackupRestoration (0ms)
Platform modules already initialized, skipping
Registering precompiled user dll's ...
Registered in 0.020431 seconds.
Begin MonoManager ReloadAssembly
Native extension for WindowsStandalone target not found
Refreshing native plugins compatible for Editor in 0.28 ms, found 2 plugins.
Preloading 0 native plugins for Editor in 0.00 ms.
Mono: successfully reloaded assembly
- Completed reload, in  1.383 seconds
Domain Reload Profiling:
	ReloadAssembly (1386ms)
		BeginReloadAssembly (399ms)
			ExecutionOrderSort (0ms)
			DisableScriptedObjects (4ms)
			BackupInstance (0ms)
			ReleaseScriptingObjects (0ms)
			CreateAndSetChildDomain (16ms)
		EndReloadAssembly (913ms)
			LoadAssemblies (358ms)
			RebuildTransferFunctionScriptingTraits (0ms)
			SetupTypeCache (358ms)
			ReleaseScriptCaches (0ms)
			RebuildScriptCaches (41ms)
			SetupLoadedEditorAssemblies (323ms)
				LogAssemblyErrors (0ms)
				InitializePlatformSupportModulesInManaged (5ms)
				SetLoadedEditorAssemblies (0ms)
				RefreshPlugins (0ms)
				BeforeProcessingInitializeOnLoad (85ms)
				ProcessInitializeOnLoadAttributes (223ms)
				ProcessInitializeOnLoadMethodAttributes (4ms)
				AfterProcessingInitializeOnLoad (6ms)
				EditorAssembliesLoaded (0ms)
			ExecutionOrderSort2 (0ms)
			AwakeInstancesAfterBackupRestoration (6ms)
Platform modules already initialized, skipping
========================================================================
Worker process is ready to serve import requests
Launched and connected shader compiler UnityShaderCompiler.exe after 0.30 seconds
Refreshing native plugins compatible for Editor in 0.59 ms, found 2 plugins.
Preloading 0 native plugins for Editor in 0.00 ms.
Unloading 1397 Unused Serialized files (Serialized files now loaded: 0)
System memory in use before: 77.4 MB.
System memory in use after: 77.5 MB.

Unloading 16 unused Assets to reduce memory usage. Loaded Objects now: 1850.
Total: 10.492800 ms (FindLiveObjects: 0.349500 ms CreateObjectMapping: 0.070200 ms MarkObjects: 9.941700 ms  DeleteObjects: 0.128700 ms)

AssetImportParameters requested are different than current active one (requested -> active):
  custom:framework-win-MediaFoundation: 216162199b28c13a410421893ffa2e32 -> 
  custom:video-decoder-ogg-theora: a1e56fd34408186e4bbccfd4996cb3dc -> 
  custom:container-muxer-webm: aa71ff27fc2769a1b78a27578f13a17b -> 
  custom:container-demuxer-webm: 4f35f7cbe854078d1ac9338744f61a02 -> 
  custom:container-demuxer-ogg: 62fdf1f143b41e24485cea50d1cbac27 -> 
  custom:video-encoder-webm-vp8: eb34c28f22e8b96e1ab97ce403110664 -> 
  custom:video-decoder-webm-vp8: 9c59270c3fd7afecdb556c50c9e8de78 -> 
  custom:audio-decoder-ogg-vorbis: bf7c407c2cedff20999df2af8eb42d56 -> 
  custom:audio-encoder-webm-vorbis: bf7c407c2cedff20999df2af8eb42d56 -> 
========================================================================
Received Import Request.
  path: Assets/Scripts/My_script.cs
  artifactKey: Guid(bb0cebf3fa01ac34897e937dad32400f) Importer(815301076,1909f56bfc062723c751e8b465ee728b)
Start importing Assets/Scripts/My_script.cs using Guid(bb0cebf3fa01ac34897e937dad32400f) Importer(815301076,1909f56bfc062723c751e8b465ee728b)  -> (artifact id: '2a5015d7aa731997b6ea872310736bef') in 0.067305 seconds 
  Import took 0.070186 seconds .

========================================================================
Received Import Request.
  Time since last request: 292.378395 seconds.
  path: Assets/Scenes/SampleScene.unity
  artifactKey: Guid(9fc0d4010bbf28b4594072e72b8655ab) Importer(815301076,1909f56bfc062723c751e8b465ee728b)
Start importing Assets/Scenes/SampleScene.unity using Guid(9fc0d4010bbf28b4594072e72b8655ab) Importer(815301076,1909f56bfc062723c751e8b465ee728b)  -> (artifact id: '85059f4f9e1a832ed95adaa0d25c5c4c') in 0.013427 seconds 
  Import took 0.015535 seconds .

========================================================================
Received Import Request.
  Time since last request: 1305.747472 seconds.
  path: Assets/Materiales/Negro.mat
  artifactKey: Guid(24a0bf88c961bca4dad29d776e645350) Importer(815301076,1909f56bfc062723c751e8b465ee728b)
Start importing Assets/Materiales/Negro.mat using Guid(24a0bf88c961bca4dad29d776e645350) Importer(815301076,1909f56bfc062723c751e8b465ee728b)  -> (artifact id: '4d9186c94e4c53852fc80f878f508810') in 0.086569 seconds 
  Import took 0.088960 seconds .

========================================================================
Received Import Request.
  Time since last request: 0.000335 seconds.
  path: Assets/Materiales/New Material 1.mat
  artifactKey: Guid(77d8a2485418b9c4aaaecf198363d0ef) Importer(815301076,1909f56bfc062723c751e8b465ee728b)
Start importing Assets/Materiales/New Material 1.mat using Guid(77d8a2485418b9c4aaaecf198363d0ef) Importer(815301076,1909f56bfc062723c751e8b465ee728b)  -> (artifact id: '079780fb59cb34cd9586704605d3f9e0') in 0.050181 seconds 
  Import took 0.052435 seconds .

========================================================================
Received Import Request.
  Time since last request: 0.000529 seconds.
  path: Assets/Materiales/New Material 4.mat
  artifactKey: Guid(fbdbcdaa4cb7a034eb9c2306cae5dea4) Importer(815301076,1909f56bfc062723c751e8b465ee728b)
Start importing Assets/Materiales/New Material 4.mat using Guid(fbdbcdaa4cb7a034eb9c2306cae5dea4) Importer(815301076,1909f56bfc062723c751e8b465ee728b)  -> (artifact id: '70260f404fa8d69a8c52ba65c1fe80c7') in 0.042462 seconds 
  Import took 0.044548 seconds .

========================================================================
Received Import Request.
  Time since last request: 0.000352 seconds.
  path: Assets/Materiales/New Material 2.mat
  artifactKey: Guid(9f45a23c401d17843957629acea032c9) Importer(815301076,1909f56bfc062723c751e8b465ee728b)
Start importing Assets/Materiales/New Material 2.mat using Guid(9f45a23c401d17843957629acea032c9) Importer(815301076,1909f56bfc062723c751e8b465ee728b)  -> (artifact id: '057343ada073916f4ce9145d2023fbef') in 0.015401 seconds 
  Import took 0.017209 seconds .

========================================================================
Received Import Request.
  Time since last request: 0.000426 seconds.
  path: Assets/Materiales/New Material 3.mat
  artifactKey: Guid(6923a93bd04090c4ab8655d14a5718ad) Importer(815301076,1909f56bfc062723c751e8b465ee728b)
Start importing Assets/Materiales/New Material 3.mat using Guid(6923a93bd04090c4ab8655d14a5718ad) Importer(815301076,1909f56bfc062723c751e8b465ee728b)  -> (artifact id: '06ce93f520ec3e183a20f39ee5021692') in 0.029508 seconds 
  Import took 0.031898 seconds .

========================================================================
Received Import Request.
  Time since last request: 0.000603 seconds.
  path: Assets/Materiales/New Material 2.mat
  artifactKey: Guid(9f45a23c401d17843957629acea032c9) Importer(815301076,1909f56bfc062723c751e8b465ee728b)
Start importing Assets/Materiales/New Material 2.mat using Guid(9f45a23c401d17843957629acea032c9) Importer(815301076,1909f56bfc062723c751e8b465ee728b)  -> (artifact id: '057343ada073916f4ce9145d2023fbef') in 0.032662 seconds 
  Import took 0.034869 seconds .

========================================================================
Received Import Request.
  Time since last request: 0.000417 seconds.
  path: Assets/Materiales/New Material 3.mat
  artifactKey: Guid(6923a93bd04090c4ab8655d14a5718ad) Importer(815301076,1909f56bfc062723c751e8b465ee728b)
Start importing Assets/Materiales/New Material 3.mat using Guid(6923a93bd04090c4ab8655d14a5718ad) Importer(815301076,1909f56bfc062723c751e8b465ee728b)  -> (artifact id: '06ce93f520ec3e183a20f39ee5021692') in 0.029488 seconds 
  Import took 0.031567 seconds .

========================================================================
Received Import Request.
  Time since last request: 545.471713 seconds.
  path: Assets/Materiales/New Material 4.mat
  artifactKey: Guid(fbdbcdaa4cb7a034eb9c2306cae5dea4) Importer(815301076,1909f56bfc062723c751e8b465ee728b)
Start importing Assets/Materiales/New Material 4.mat using Guid(fbdbcdaa4cb7a034eb9c2306cae5dea4) Importer(815301076,1909f56bfc062723c751e8b465ee728b)  -> (artifact id: '0b65e3f1da5cba6139b4a0f00603b947') in 0.022677 seconds 
  Import took 0.024956 seconds .

AssetImportWorkerClient::OnTransportError - code=2 error=End of file
